
  .   ____          _            __ _ _
 /\\ / ___'_ __ _ _(_)_ __  __ _ \ \ \ \
( ( )\___ | '_ | '_| | '_ \/ _` | \ \ \ \
 \\/  ___)| |_)| | | | | || (_| |  ) ) ) )
  '  |____| .__|_| |_|_| |_\__, | / / / /
 =========|_|==============|___/=/_/_/_/
 :: Spring Boot ::                (v3.2.5)

{"@timestamp":"2026-07-16T16:58:38.450264885Z","@version":"1","message":"Starting GatewayApplication v1.0.0-SNAPSHOT using Java 17.0.19 with PID 1 (/app/app.jar started by root in /app)","logger_name":"com.ticketverse.gateway.GatewayApplication","thread_name":"main","level":"INFO","level_value":20000,"springAppName":"ticketverse-gateway","app":"ticketverse-gateway"}
{"@timestamp":"2026-07-16T16:58:38.483507093Z","@version":"1","message":"The following 1 profile is active: \"prod\"","logger_name":"com.ticketverse.gateway.GatewayApplication","thread_name":"main","level":"INFO","level_value":20000,"springAppName":"ticketverse-gateway","app":"ticketverse-gateway"}
{"@timestamp":"2026-07-16T16:58:41.031826803Z","@version":"1","message":"BeanFactory id=70795529-edf7-3ff9-850c-9ad7aeabfeec","logger_name":"org.springframework.cloud.context.scope.GenericScope","thread_name":"main","level":"INFO","level_value":20000,"springAppName":"ticketverse-gateway","app":"ticketverse-gateway"}
{"@timestamp":"2026-07-16T16:58:43.890096721Z","@version":"1","message":"Loaded RoutePredicateFactory [After]","logger_name":"org.springframework.cloud.gateway.route.RouteDefinitionRouteLocator","thread_name":"main","level":"INFO","level_value":20000,"springAppName":"ticketverse-gateway","app":"ticketverse-gateway"}
{"@timestamp":"2026-07-16T16:58:43.890344804Z","@version":"1","message":"Loaded RoutePredicateFactory [Before]","logger_name":"org.springframework.cloud.gateway.route.RouteDefinitionRouteLocator","thread_name":"main","level":"INFO","level_value":20000,"springAppName":"ticketverse-gateway","app":"ticketverse-gateway"}
{"@timestamp":"2026-07-16T16:58:43.890388846Z","@version":"1","message":"Loaded RoutePredicateFactory [Between]","logger_name":"org.springframework.cloud.gateway.route.RouteDefinitionRouteLocator","thread_name":"main","level":"INFO","level_value":20000,"springAppName":"ticketverse-gateway","app":"ticketverse-gateway"}
{"@timestamp":"2026-07-16T16:58:43.890418762Z","@version":"1","message":"Loaded RoutePredicateFactory [Cookie]","logger_name":"org.springframework.cloud.gateway.route.RouteDefinitionRouteLocator","thread_name":"main","level":"INFO","level_value":20000,"springAppName":"ticketverse-gateway","app":"ticketverse-gateway"}
{"@timestamp":"2026-07-16T16:58:43.890445471Z","@version":"1","message":"Loaded RoutePredicateFactory [Header]","logger_name":"org.springframework.cloud.gateway.route.RouteDefinitionRouteLocator","thread_name":"main","level":"INFO","level_value":20000,"springAppName":"ticketverse-gateway","app":"ticketverse-gateway"}
{"@timestamp":"2026-07-16T16:58:43.890478221Z","@version":"1","message":"Loaded RoutePredicateFactory [Host]","logger_name":"org.springframework.cloud.gateway.route.RouteDefinitionRouteLocator","thread_name":"main","level":"INFO","level_value":20000,"springAppName":"ticketverse-gateway","app":"ticketverse-gateway"}
{"@timestamp":"2026-07-16T16:58:43.890503512Z","@version":"1","message":"Loaded RoutePredicateFactory [Method]","logger_name":"org.springframework.cloud.gateway.route.RouteDefinitionRouteLocator","thread_name":"main","level":"INFO","level_value":20000,"springAppName":"ticketverse-gateway","app":"ticketverse-gateway"}
{"@timestamp":"2026-07-16T16:58:43.890529012Z","@version":"1","message":"Loaded RoutePredicateFactory [Path]","logger_name":"org.springframework.cloud.gateway.route.RouteDefinitionRouteLocator","thread_name":"main","level":"INFO","level_value":20000,"springAppName":"ticketverse-gateway","app":"ticketverse-gateway"}
{"@timestamp":"2026-07-16T16:58:43.890559179Z","@version":"1","message":"Loaded RoutePredicateFactory [Query]","logger_name":"org.springframework.cloud.gateway.route.RouteDefinitionRouteLocator","thread_name":"main","level":"INFO","level_value":20000,"springAppName":"ticketverse-gateway","app":"ticketverse-gateway"}
{"@timestamp":"2026-07-16T16:58:43.890584679Z","@version":"1","message":"Loaded RoutePredicateFactory [ReadBody]","logger_name":"org.springframework.cloud.gateway.route.RouteDefinitionRouteLocator","thread_name":"main","level":"INFO","level_value":20000,"springAppName":"ticketverse-gateway","app":"ticketverse-gateway"}
{"@timestamp":"2026-07-16T16:58:43.890609637Z","@version":"1","message":"Loaded RoutePredicateFactory [RemoteAddr]","logger_name":"org.springframework.cloud.gateway.route.RouteDefinitionRouteLocator","thread_name":"main","level":"INFO","level_value":20000,"springAppName":"ticketverse-gateway","app":"ticketverse-gateway"}
{"@timestamp":"2026-07-16T16:58:43.890634346Z","@version":"1","message":"Loaded RoutePredicateFactory [XForwardedRemoteAddr]","logger_name":"org.springframework.cloud.gateway.route.RouteDefinitionRouteLocator","thread_name":"main","level":"INFO","level_value":20000,"springAppName":"ticketverse-gateway","app":"ticketverse-gateway"}
{"@timestamp":"2026-07-16T16:58:43.890661721Z","@version":"1","message":"Loaded RoutePredicateFactory [Weight]","logger_name":"org.springframework.cloud.gateway.route.RouteDefinitionRouteLocator","thread_name":"main","level":"INFO","level_value":20000,"springAppName":"ticketverse-gateway","app":"ticketverse-gateway"}
{"@timestamp":"2026-07-16T16:58:43.890695471Z","@version":"1","message":"Loaded RoutePredicateFactory [CloudFoundryRouteService]","logger_name":"org.springframework.cloud.gateway.route.RouteDefinitionRouteLocator","thread_name":"main","level":"INFO","level_value":20000,"springAppName":"ticketverse-gateway","app":"ticketverse-gateway"}
{"@timestamp":"2026-07-16T16:58:44.721394888Z","@version":"1","message":"Exposing 3 endpoint(s) beneath base path '/actuator'","logger_name":"org.springframework.boot.actuate.endpoint.web.EndpointLinksResolver","thread_name":"main","level":"INFO","level_value":20000,"springAppName":"ticketverse-gateway","app":"ticketverse-gateway"}
{"@timestamp":"2026-07-16T16:58:46.243183389Z","@version":"1","message":"Netty started on port 8080","logger_name":"org.springframework.boot.web.embedded.netty.NettyWebServer","thread_name":"main","level":"INFO","level_value":20000,"springAppName":"ticketverse-gateway","app":"ticketverse-gateway"}
{"@timestamp":"2026-07-16T16:58:46.511672139Z","@version":"1","message":"Started GatewayApplication in 9.87 seconds (process running for 11.617)","logger_name":"com.ticketverse.gateway.GatewayApplication","thread_name":"main","level":"INFO","level_value":20000,"springAppName":"ticketverse-gateway","app":"ticketverse-gateway"}
